Start testing: Apr 18 15:18 MSK
----------------------------------------------------------
Unable to find executable: /Users/dimon/Projects/lab05/_build/check
1/1 Testing: check
1/1 Test: check
Command: ""
Directory: /Users/dimon/Projects/lab05/_build
"check" start time: 
Output:
----------------------------------------------------------
<end of output>
Test time =   0.00 sec
----------------------------------------------------------
Test Passed.
"check" end time: Apr 18 15:18 MSK
"check" time elapsed: 00:00:00
----------------------------------------------------------

End testing: Apr 18 15:18 MSK
